<?xml version="1.0" encoding="UTF-8"?>
<testng-results skipped="0" failed="0" ignored="0" total="1" passed="1">
  <reporter-output>
  </reporter-output>
  <suite name="Default suite" duration-ms="71" started-at="2021-10-09T05:30:37 IST" finished-at="2021-10-09T05:30:37 IST">
    <groups>
    </groups>
    <test name="Default test" duration-ms="71" started-at="2021-10-09T05:30:37 IST" finished-at="2021-10-09T05:30:37 IST">
      <class name="abcd.abcd">
        <test-method status="PASS" signature="a()[pri:0, instance:abcd.abcd@4d41cee]" name="a" duration-ms="11" started-at="2021-10-09T05:30:37 IST" finished-at="2021-10-09T05:30:37 IST">
          <reporter-output>
          </reporter-output>
        </test-method> <!-- a -->
      </class> <!-- abcd.abcd -->
    </test> <!-- Default test -->
  </suite> <!-- Default suite -->
</testng-results>
